###############################################################################
TIME: 2021-03-14 18:38:53

ERROR: file C:\Users\admin\Documents\.Programming\C\.Projects\Processor\Processor\CPU\CPU.cpp  line 537  function Execute

Register is empty
 Address: 0000011C

//////////////////////--CODE--//////////////////////
     Address | 0 | 1 | 2 | 3 | 4 | 5 | 6 | 7 | 8 | 9 | A | B | C | D | E | F 
     000000F0 00  00  00  41  05  05  42  05  4D  0B  4D  05  1E  51  00  00  
     00000100 00  81  01  00  00  00  41  06  05  42  06  4D  0C  4D  06  1E  
=>   00000110 45  00  00  00  81  FF  FF  FF  FF  42  09  64  09  00  
==============================================================/\
////////////////////////////////////////////////////

This dump was called from a function Execute
TIME: 2021-03-14 18:38:53.635

Stack (OK) [0x004FFBC4] "stkCPU_NUM_INT", id (0)
	{
	Type of data is int

	Capacity           = 8
	Current size       = 0

	Data [0x00B7E5D1]
		{
		 [0]: 2147483647 (POISON)
		 [1]: 2147483647 (POISON)
		 [2]: 2147483647 (POISON)
		 [3]: 2147483647 (POISON)
		 [4]: 2147483647 (POISON)
		 [5]: 2147483647 (POISON)
		 [6]: 2147483647 (POISON)
		 [7]: 2147483647 (POISON)
		}
	}
********************************************************************************
This dump was called from a function Execute
TIME: 2021-03-14 18:38:53.636

Stack (OK) [0x004FFBDC] "stkCPU_NUM_FLT", id (1)
	{
	Type of data is double

	Capacity           = 8
	Current size       = 0

	Data [0x00BA4981]
		{
		 [0]: -nan(ind) (POISON)
		 [1]: -nan(ind) (POISON)
		 [2]: -nan(ind) (POISON)
		 [3]: -nan(ind) (POISON)
		 [4]: -nan(ind) (POISON)
		 [5]: -nan(ind) (POISON)
		 [6]: -nan(ind) (POISON)
		 [7]: -nan(ind) (POISON)
		}
	}
********************************************************************************
This dump was called from a function Execute
TIME: 2021-03-14 18:38:53.637

Stack (OK) [0x004FFBF4] "stkCPU_PTR", id (2)
	{
	Type of data is ptr_t

	Capacity           = 8
	Current size       = 0

	Data [0x00B7E671]
		{
		 [0]: 0xFFFFFFFF (POISON)
		 [1]: 0xFFFFFFFF (POISON)
		 [2]: 0xFFFFFFFF (POISON)
		 [3]: 0xFFFFFFFF (POISON)
		 [4]: 0xFFFFFFFF (POISON)
		 [5]: 0xFFFFFFFF (POISON)
		 [6]: 0xFFFFFFFF (POISON)
		 [7]: 0xFFFFFFFF (POISON)
		}
	}
********************************************************************************
###############################################################################
TIME: 2021-03-14 18:39:48

ERROR: file C:\Users\admin\Documents\.Programming\C\.Projects\Processor\Processor\CPU\CPU.cpp  line 537  function Execute

Register is empty
 Address: 0000011C

//////////////////////--CODE--//////////////////////
     Address | 0 | 1 | 2 | 3 | 4 | 5 | 6 | 7 | 8 | 9 | A | B | C | D | E | F 
     000000F0 00  00  00  41  05  05  42  05  4D  0B  4D  05  1E  51  00  00  
     00000100 00  81  01  00  00  00  41  06  05  42  06  4D  0C  4D  06  1E  
=>   00000110 45  00  00  00  81  FF  FF  FF  FF  42  09  64  09  00  
==============================================================/\
////////////////////////////////////////////////////

This dump was called from a function Execute
TIME: 2021-03-14 18:39:48.986

Stack (OK) [0x00DCFD0C] "stkCPU_NUM_INT", id (0)
	{
	Type of data is int

	Capacity           = 8
	Current size       = 0

	Data [0x01388CE1]
		{
		 [0]: 2147483647 (POISON)
		 [1]: 2147483647 (POISON)
		 [2]: 2147483647 (POISON)
		 [3]: 2147483647 (POISON)
		 [4]: 2147483647 (POISON)
		 [5]: 2147483647 (POISON)
		 [6]: 2147483647 (POISON)
		 [7]: 2147483647 (POISON)
		}
	}
********************************************************************************
This dump was called from a function Execute
TIME: 2021-03-14 18:39:48.987

Stack (OK) [0x00DCFD24] "stkCPU_NUM_FLT", id (1)
	{
	Type of data is double

	Capacity           = 8
	Current size       = 0

	Data [0x01377271]
		{
		 [0]: -nan(ind) (POISON)
		 [1]: -nan(ind) (POISON)
		 [2]: -nan(ind) (POISON)
		 [3]: -nan(ind) (POISON)
		 [4]: -nan(ind) (POISON)
		 [5]: -nan(ind) (POISON)
		 [6]: -nan(ind) (POISON)
		 [7]: -nan(ind) (POISON)
		}
	}
********************************************************************************
This dump was called from a function Execute
TIME: 2021-03-14 18:39:48.988

Stack (OK) [0x00DCFD3C] "stkCPU_PTR", id (2)
	{
	Type of data is ptr_t

	Capacity           = 8
	Current size       = 0

	Data [0x01388A61]
		{
		 [0]: 0xFFFFFFFF (POISON)
		 [1]: 0xFFFFFFFF (POISON)
		 [2]: 0xFFFFFFFF (POISON)
		 [3]: 0xFFFFFFFF (POISON)
		 [4]: 0xFFFFFFFF (POISON)
		 [5]: 0xFFFFFFFF (POISON)
		 [6]: 0xFFFFFFFF (POISON)
		 [7]: 0xFFFFFFFF (POISON)
		}
	}
********************************************************************************
###############################################################################
TIME: 2021-03-14 18:44:46

ERROR: file C:\Users\admin\Documents\.Programming\C\.Projects\Processor\Processor\CPU\CPU.cpp  line 538  function Execute

Memory access violation
 Address: 0000011C

//////////////////////--CODE--//////////////////////
     Address | 0 | 1 | 2 | 3 | 4 | 5 | 6 | 7 | 8 | 9 | A | B | C | D | E | F 
     000000F0 00  00  00  41  05  05  42  05  4D  0B  4D  05  1E  51  00  00  
     00000100 00  81  01  00  00  00  41  06  05  42  06  4D  0C  4D  06  1E  
=>   00000110 45  00  00  00  81  FE  FF  FF  FF  42  09  64  09  00  
==============================================================/\
////////////////////////////////////////////////////

This dump was called from a function Execute
TIME: 2021-03-14 18:44:46.746

Stack (OK) [0x00DDF664] "stkCPU_NUM_INT", id (0)
	{
	Type of data is int

	Capacity           = 8
	Current size       = 0

	Data [0x012D8539]
		{
		 [0]: 2147483647 (POISON)
		 [1]: 2147483647 (POISON)
		 [2]: 2147483647 (POISON)
		 [3]: 2147483647 (POISON)
		 [4]: 2147483647 (POISON)
		 [5]: 2147483647 (POISON)
		 [6]: 2147483647 (POISON)
		 [7]: 2147483647 (POISON)
		}
	}
********************************************************************************
This dump was called from a function Execute
TIME: 2021-03-14 18:44:46.747

Stack (OK) [0x00DDF67C] "stkCPU_NUM_FLT", id (1)
	{
	Type of data is double

	Capacity           = 8
	Current size       = 0

	Data [0x012C7031]
		{
		 [0]: -nan(ind) (POISON)
		 [1]: -nan(ind) (POISON)
		 [2]: -nan(ind) (POISON)
		 [3]: -nan(ind) (POISON)
		 [4]: -nan(ind) (POISON)
		 [5]: -nan(ind) (POISON)
		 [6]: -nan(ind) (POISON)
		 [7]: -nan(ind) (POISON)
		}
	}
********************************************************************************
This dump was called from a function Execute
TIME: 2021-03-14 18:44:46.748

Stack (OK) [0x00DDF694] "stkCPU_PTR", id (2)
	{
	Type of data is ptr_t

	Capacity           = 8
	Current size       = 0

	Data [0x012D8589]
		{
		 [0]: 0xFFFFFFFF (POISON)
		 [1]: 0xFFFFFFFF (POISON)
		 [2]: 0xFFFFFFFF (POISON)
		 [3]: 0xFFFFFFFF (POISON)
		 [4]: 0xFFFFFFFF (POISON)
		 [5]: 0xFFFFFFFF (POISON)
		 [6]: 0xFFFFFFFF (POISON)
		 [7]: 0xFFFFFFFF (POISON)
		}
	}
********************************************************************************
###############################################################################
TIME: 2021-03-14 18:49:33

ERROR: file C:\Users\admin\Documents\.Programming\C\.Projects\Processor\Processor\CPU\CPU.cpp  line 536  function Execute

Memory access violation
 Address: 0000011C

//////////////////////--CODE--//////////////////////
     Address | 0 | 1 | 2 | 3 | 4 | 5 | 6 | 7 | 8 | 9 | A | B | C | D | E | F 
     000000F0 00  00  00  41  05  05  42  05  4D  0B  4D  05  1E  51  00  00  
     00000100 00  81  01  00  00  00  41  06  05  42  06  4D  0C  4D  06  1E  
=>   00000110 45  00  00  00  81  FE  FF  FF  FF  42  09  64  09  00  
==============================================================/\
////////////////////////////////////////////////////

This dump was called from a function Execute
TIME: 2021-03-14 18:49:33.324

Stack (OK) [0x010FF700] "stkCPU_NUM_INT", id (0)
	{
	Type of data is int

	Capacity           = 8
	Current size       = 0

	Data [0x011A8521]
		{
		 [0]: 2147483647 (POISON)
		 [1]: 2147483647 (POISON)
		 [2]: 2147483647 (POISON)
		 [3]: 2147483647 (POISON)
		 [4]: 2147483647 (POISON)
		 [5]: 2147483647 (POISON)
		 [6]: 2147483647 (POISON)
		 [7]: 2147483647 (POISON)
		}
	}
********************************************************************************
This dump was called from a function Execute
TIME: 2021-03-14 18:49:33.325

Stack (OK) [0x010FF718] "stkCPU_NUM_FLT", id (1)
	{
	Type of data is double

	Capacity           = 8
	Current size       = 0

	Data [0x011964E9]
		{
		 [0]: -nan(ind) (POISON)
		 [1]: -nan(ind) (POISON)
		 [2]: -nan(ind) (POISON)
		 [3]: -nan(ind) (POISON)
		 [4]: -nan(ind) (POISON)
		 [5]: -nan(ind) (POISON)
		 [6]: -nan(ind) (POISON)
		 [7]: -nan(ind) (POISON)
		}
	}
********************************************************************************
This dump was called from a function Execute
TIME: 2021-03-14 18:49:33.326

Stack (OK) [0x010FF730] "stkCPU_PTR", id (2)
	{
	Type of data is ptr_t

	Capacity           = 8
	Current size       = 0

	Data [0x011A88E1]
		{
		 [0]: 0xFFFFFFFF (POISON)
		 [1]: 0xFFFFFFFF (POISON)
		 [2]: 0xFFFFFFFF (POISON)
		 [3]: 0xFFFFFFFF (POISON)
		 [4]: 0xFFFFFFFF (POISON)
		 [5]: 0xFFFFFFFF (POISON)
		 [6]: 0xFFFFFFFF (POISON)
		 [7]: 0xFFFFFFFF (POISON)
		}
	}
********************************************************************************
