###############################################################################
TIME: 2021-03-20 19:03:12

ERROR: file C:\Users\admin\Documents\.Programming\C\.Projects\Processor\Processor\Disassembler\Disassembler.cpp  line 134  function Disassemble

Unidentified register
 Address: 00000004

//////////////////////////////////--CODE--//////////////////////////////////
     Address | 0 | 1 | 2 | 3 | 4 | 5 | 6 | 7 | 8 | 9 | A | B | C | D | E | F 
=>   00000000 81  2C  01  00  00  81  2C  01  00  00  42  0C  42  0B  81  8C  
     00000010 00  00  00  A2  00  00  00  00  41  0B  81  02  00  00  00  08  
     00000020 A2  04  00  00  00  41  0C  81  02  00  00  00  08  A2  08  00  
==============================/\
////////////////////////////////////////////////////////////////////////////

###############################################################################
TIME: 2021-03-20 19:08:59

ERROR: file C:\Users\admin\Documents\.Programming\C\.Projects\Processor\Processor\Disassembler\Disassembler.cpp  line 135  function Disassemble

Unidentified register
 Address: 00000004

//////////////////////////////////--CODE--//////////////////////////////////
     Address | 0 | 1 | 2 | 3 | 4 | 5 | 6 | 7 | 8 | 9 | A | B | C | D | E | F 
=>   00000000 81  2C  01  00  00  81  2C  01  00  00  42  0C  42  0B  81  8C  
     00000010 00  00  00  A2  00  00  00  00  41  0B  81  02  00  00  00  08  
     00000020 A2  04  00  00  00  41  0C  81  02  00  00  00  08  A2  08  00  
==============================/\
////////////////////////////////////////////////////////////////////////////

###############################################################################
TIME: 2021-03-20 19:09:57

ERROR: file C:\Users\admin\Documents\.Programming\C\.Projects\Processor\Processor\Disassembler\Disassembler.cpp  line 139  function Disassemble

Unidentified register
 Address: 00000004

//////////////////////////////////--CODE--//////////////////////////////////
     Address | 0 | 1 | 2 | 3 | 4 | 5 | 6 | 7 | 8 | 9 | A | B | C | D | E | F 
=>   00000000 81  2C  01  00  00  81  2C  01  00  00  42  0C  42  0B  81  8C  
     00000010 00  00  00  A2  00  00  00  00  41  0B  81  02  00  00  00  08  
     00000020 A2  04  00  00  00  41  0C  81  02  00  00  00  08  A2  08  00  
==============================/\
////////////////////////////////////////////////////////////////////////////

###############################################################################
TIME: 2021-03-20 19:11:59

ERROR: file C:\Users\admin\Documents\.Programming\C\.Projects\Processor\Processor\Disassembler\Disassembler.cpp  line 139  function Disassemble

Unidentified register
 Address: 00000004

//////////////////////////////////--CODE--//////////////////////////////////
     Address | 0 | 1 | 2 | 3 | 4 | 5 | 6 | 7 | 8 | 9 | A | B | C | D | E | F 
=>   00000000 81  2C  01  00  00  81  2C  01  00  00  42  0C  42  0B  81  8C  
     00000010 00  00  00  A2  00  00  00  00  41  0B  81  02  00  00  00  08  
     00000020 A2  04  00  00  00  41  0C  81  02  00  00  00  08  A2  08  00  
==============================/\
////////////////////////////////////////////////////////////////////////////

###############################################################################
TIME: 2021-03-20 21:40:20

ERROR: file C:\Users\admin\Documents\.Programming\C\.Projects\Processor\Processor\Disassembler\Disassembler.cpp  line 131  function Disassemble

Unidentified command
 Address: 00000017

//////////////////////////////////--CODE--//////////////////////////////////
     Address | 0 | 1 | 2 | 3 | 4 | 5 | 6 | 7 | 8 | 9 | A | B | C | D | E | F 
     00000000 81  2C  01  00  00  81  2C  01  00  00  42  0C  42  0B  81  8C  
=>   00000010 00  00  00  A2  00  00  00  00  41  0B  81  02  00  00  00  08  
     00000020 A2  04  00  00  00  41  0C  81  02  00  00  00  08  A2  08  00  
     00000030 00  00  81  0C  00  00  00  42  09  81  00  00  00  00  42  06  
==========================================/\
////////////////////////////////////////////////////////////////////////////

###############################################################################
TIME: 2021-03-20 22:05:02

ERROR: file C:\Users\admin\Documents\.Programming\C\.Projects\Processor\Processor\Disassembler\Disassembler.cpp  line 134  function Disassemble

Unidentified command
 Address: 00000013

//////////////////////////////////--CODE--//////////////////////////////////
     Address | 0 | 1 | 2 | 3 | 4 | 5 | 6 | 7 | 8 | 9 | A | B | C | D | E | F 
     00000000 81  2C  01  00  00  81  2C  01  00  00  42  0C  42  0B  81  8C  
=>   00000010 00  00  00  A2  00  00  00  00  41  0B  81  02  00  00  00  08  
     00000020 A2  04  00  00  00  41  0C  81  02  00  00  00  08  A2  08  00  
     00000030 00  00  81  0C  00  00  00  42  09  81  00  00  00  00  42  06  
==========================/\
////////////////////////////////////////////////////////////////////////////

